[2014-03-12 20:01:00,269] INFO [ControllerEpochListener on 0]: Initialized controller epoch to 2 and zk version 1 (kafka.controller.ControllerEpochListener)
[2014-03-12 20:01:00,300] INFO [Controller 0]: Controller starting up (kafka.controller.KafkaController)
[2014-03-12 20:01:00,332] INFO [Controller 0]: Broker 0 starting become controller state transition (kafka.controller.KafkaController)
[2014-03-12 20:01:00,349] INFO [Controller 0]: Controller 0 incremented epoch to 3 (kafka.controller.KafkaController)
[2014-03-12 20:01:00,589] DEBUG [Channel manager on controller 0]: Controller 0 trying to connect to broker 0 (kafka.controller.ControllerChannelManager)
[2014-03-12 20:01:00,595] INFO [Controller-0-to-broker-0-send-thread], Starting  (kafka.controller.RequestSendThread)
[2014-03-12 20:01:00,596] INFO [Controller 0]: Currently active brokers in the cluster: Set(0) (kafka.controller.KafkaController)
[2014-03-12 20:01:00,597] INFO [Controller 0]: Currently shutting brokers in the cluster: Set() (kafka.controller.KafkaController)
[2014-03-12 20:01:00,597] INFO [Controller 0]: Current list of topics in the cluster: Set(page_visits, test) (kafka.controller.KafkaController)
[2014-03-12 20:01:00,603] INFO [Replica state machine on controller 0]: Invoking state change to OnlineReplica for replicas PartitionAndReplica(test,0,0),PartitionAndReplica(page_visits,0,0) (kafka.controller.ReplicaStateMachine)
[2014-03-12 20:01:00,622] INFO [Replica state machine on controller 0]: Started replica state machine with initial state -> Map((test,0,0) -> OnlineReplica, (page_visits,0,0) -> OnlineReplica) (kafka.controller.ReplicaStateMachine)
[2014-03-12 20:01:00,626] INFO [Partition state machine on Controller 0]: Started partition state machine with initial state -> Map([test,0] -> OnlinePartition, [page_visits,0] -> OnlinePartition) (kafka.controller.PartitionStateMachine)
[2014-03-12 20:01:00,631] INFO [Controller 0]: Broker 0 is ready to serve as the new controller with epoch 3 (kafka.controller.KafkaController)
[2014-03-12 20:01:00,640] INFO [Controller 0]: Partitions being reassigned: Map() (kafka.controller.KafkaController)
[2014-03-12 20:01:00,641] INFO [Controller 0]: Partitions already reassigned: List() (kafka.controller.KafkaController)
[2014-03-12 20:01:00,641] INFO [Controller 0]: Resuming reassignment of partitions: Map() (kafka.controller.KafkaController)
[2014-03-12 20:01:00,644] INFO [Controller 0]: Partitions undergoing preferred replica election:  (kafka.controller.KafkaController)
[2014-03-12 20:01:00,644] INFO [Controller 0]: Partitions that completed preferred replica election:  (kafka.controller.KafkaController)
[2014-03-12 20:01:00,645] INFO [Controller 0]: Resuming preferred replica election for partitions:  (kafka.controller.KafkaController)
[2014-03-12 20:01:00,646] INFO [Controller 0]: Starting preferred replica leader election for partitions  (kafka.controller.KafkaController)
[2014-03-12 20:01:00,647] INFO [Partition state machine on Controller 0]: Invoking state change to OnlinePartition for partitions  (kafka.controller.PartitionStateMachine)
[2014-03-12 20:01:00,667] INFO [Controller 0]: Controller startup complete (kafka.controller.KafkaController)
[2014-03-12 20:01:00,700] DEBUG [ControllerEpochListener on 0]: Controller epoch listener fired with new epoch 3 (kafka.controller.ControllerEpochListener)
[2014-03-12 20:01:00,702] INFO [ControllerEpochListener on 0]: Initialized controller epoch to 3 and zk version 2 (kafka.controller.ControllerEpochListener)
[2014-03-12 20:37:04,720] INFO [Controller-0-to-broker-0-send-thread], Shutting down (kafka.controller.RequestSendThread)
[2014-03-12 20:37:04,721] INFO [Controller-0-to-broker-0-send-thread], Shutdown completed (kafka.controller.RequestSendThread)
[2014-03-12 20:37:04,721] INFO [Controller-0-to-broker-0-send-thread], Stopped  (kafka.controller.RequestSendThread)
[2014-03-12 20:37:04,721] INFO [Controller 0]: Controller shutdown complete (kafka.controller.KafkaController)
[2014-03-12 20:37:14,873] INFO [ControllerEpochListener on 0]: Initialized controller epoch to 3 and zk version 2 (kafka.controller.ControllerEpochListener)
[2014-03-12 20:37:14,909] INFO [Controller 0]: Controller starting up (kafka.controller.KafkaController)
[2014-03-12 20:37:14,936] INFO [Controller 0]: Broker 0 starting become controller state transition (kafka.controller.KafkaController)
[2014-03-12 20:37:14,956] INFO [Controller 0]: Controller 0 incremented epoch to 4 (kafka.controller.KafkaController)
[2014-03-12 20:37:15,192] DEBUG [Channel manager on controller 0]: Controller 0 trying to connect to broker 0 (kafka.controller.ControllerChannelManager)
[2014-03-12 20:37:15,198] INFO [Controller-0-to-broker-0-send-thread], Starting  (kafka.controller.RequestSendThread)
[2014-03-12 20:37:15,200] INFO [Controller 0]: Currently active brokers in the cluster: Set(0) (kafka.controller.KafkaController)
[2014-03-12 20:37:15,200] INFO [Controller 0]: Currently shutting brokers in the cluster: Set() (kafka.controller.KafkaController)
[2014-03-12 20:37:15,201] INFO [Controller 0]: Current list of topics in the cluster: Set(test, page_visits) (kafka.controller.KafkaController)
[2014-03-12 20:37:15,206] INFO [Replica state machine on controller 0]: Invoking state change to OnlineReplica for replicas PartitionAndReplica(test,0,0),PartitionAndReplica(page_visits,0,0) (kafka.controller.ReplicaStateMachine)
[2014-03-12 20:37:15,226] INFO [Replica state machine on controller 0]: Started replica state machine with initial state -> Map((test,0,0) -> OnlineReplica, (page_visits,0,0) -> OnlineReplica) (kafka.controller.ReplicaStateMachine)
[2014-03-12 20:37:15,229] INFO [Partition state machine on Controller 0]: Started partition state machine with initial state -> Map([test,0] -> OnlinePartition, [page_visits,0] -> OnlinePartition) (kafka.controller.PartitionStateMachine)
[2014-03-12 20:37:15,234] INFO [Controller 0]: Broker 0 is ready to serve as the new controller with epoch 4 (kafka.controller.KafkaController)
[2014-03-12 20:37:15,244] INFO [Controller 0]: Partitions being reassigned: Map() (kafka.controller.KafkaController)
[2014-03-12 20:37:15,245] INFO [Controller 0]: Partitions already reassigned: List() (kafka.controller.KafkaController)
[2014-03-12 20:37:15,245] INFO [Controller 0]: Resuming reassignment of partitions: Map() (kafka.controller.KafkaController)
[2014-03-12 20:37:15,249] INFO [Controller 0]: Partitions undergoing preferred replica election:  (kafka.controller.KafkaController)
[2014-03-12 20:37:15,249] INFO [Controller 0]: Partitions that completed preferred replica election:  (kafka.controller.KafkaController)
[2014-03-12 20:37:15,250] INFO [Controller 0]: Resuming preferred replica election for partitions:  (kafka.controller.KafkaController)
[2014-03-12 20:37:15,251] INFO [Controller 0]: Starting preferred replica leader election for partitions  (kafka.controller.KafkaController)
[2014-03-12 20:37:15,252] INFO [Partition state machine on Controller 0]: Invoking state change to OnlinePartition for partitions  (kafka.controller.PartitionStateMachine)
[2014-03-12 20:37:15,267] INFO [Controller 0]: Controller startup complete (kafka.controller.KafkaController)
[2014-03-12 20:37:15,299] DEBUG [ControllerEpochListener on 0]: Controller epoch listener fired with new epoch 4 (kafka.controller.ControllerEpochListener)
[2014-03-12 20:37:15,301] INFO [ControllerEpochListener on 0]: Initialized controller epoch to 4 and zk version 3 (kafka.controller.ControllerEpochListener)
