[2014-03-12 20:00:59,871] INFO Verifying properties (kafka.utils.VerifiableProperties)
[2014-03-12 20:00:59,903] INFO Property port is overridden to 9092 (kafka.utils.VerifiableProperties)
[2014-03-12 20:00:59,904] INFO Property socket.request.max.bytes is overridden to 104857600 (kafka.utils.VerifiableProperties)
[2014-03-12 20:00:59,904] INFO Property num.io.threads is overridden to 2 (kafka.utils.VerifiableProperties)
[2014-03-12 20:00:59,904] INFO Property log.dirs is overridden to /tmp/kafka-logs (kafka.utils.VerifiableProperties)
[2014-03-12 20:00:59,904] INFO Property log.cleanup.interval.mins is overridden to 1 (kafka.utils.VerifiableProperties)
[2014-03-12 20:00:59,904] INFO Property socket.send.buffer.bytes is overridden to 1048576 (kafka.utils.VerifiableProperties)
[2014-03-12 20:00:59,905] INFO Property log.flush.interval.ms is overridden to 1000 (kafka.utils.VerifiableProperties)
[2014-03-12 20:00:59,905] INFO Property zookeeper.connect is overridden to localhost:2181 (kafka.utils.VerifiableProperties)
[2014-03-12 20:00:59,905] INFO Property broker.id is overridden to 0 (kafka.utils.VerifiableProperties)
[2014-03-12 20:00:59,905] INFO Property log.retention.hours is overridden to 168 (kafka.utils.VerifiableProperties)
[2014-03-12 20:00:59,906] INFO Property num.network.threads is overridden to 2 (kafka.utils.VerifiableProperties)
[2014-03-12 20:00:59,906] INFO Property socket.receive.buffer.bytes is overridden to 1048576 (kafka.utils.VerifiableProperties)
[2014-03-12 20:00:59,906] INFO Property zookeeper.connection.timeout.ms is overridden to 1000000 (kafka.utils.VerifiableProperties)
[2014-03-12 20:00:59,906] INFO Property num.partitions is overridden to 2 (kafka.utils.VerifiableProperties)
[2014-03-12 20:00:59,906] INFO Property log.flush.interval.messages is overridden to 10000 (kafka.utils.VerifiableProperties)
[2014-03-12 20:00:59,907] INFO Property log.segment.bytes is overridden to 536870912 (kafka.utils.VerifiableProperties)
[2014-03-12 20:00:59,920] INFO [Kafka Server 0], Starting (kafka.server.KafkaServer)
[2014-03-12 20:00:59,951] INFO [Log Manager on Broker 0] Loading log 'test-0' (kafka.log.LogManager)
[2014-03-12 20:00:59,990] INFO [Kafka Log on Broker 0], Completed load of log test-0 with log end offset 13 (kafka.log.Log)
[2014-03-12 20:01:00,007] INFO [Log Manager on Broker 0] Loading log 'page_visits-0' (kafka.log.LogManager)
[2014-03-12 20:01:00,009] INFO [Kafka Log on Broker 0], Completed load of log page_visits-0 with log end offset 0 (kafka.log.Log)
[2014-03-12 20:01:00,010] INFO [Log Manager on Broker 0] Starting log cleaner every 60000 ms (kafka.log.LogManager)
[2014-03-12 20:01:00,018] INFO [Log Manager on Broker 0] Starting log flusher every 3000 ms with the following overrides Map() (kafka.log.LogManager)
[2014-03-12 20:01:00,051] INFO Awaiting socket connections on 0.0.0.0:9092. (kafka.network.Acceptor)
[2014-03-12 20:01:00,053] INFO [Socket Server on Broker 0], Started (kafka.network.SocketServer)
[2014-03-12 20:01:00,075] INFO connecting to ZK: localhost:2181 (kafka.server.KafkaZooKeeper)
[2014-03-12 20:01:00,203] INFO Registered broker 0 at path /brokers/ids/0 with address TaggHardLinux:9092. (kafka.utils.ZkUtils$)
[2014-03-12 20:01:00,204] INFO [Kafka Server 0], Connecting to ZK: localhost:2181 (kafka.server.KafkaServer)
[2014-03-12 20:01:00,299] INFO Will not load MX4J, mx4j-tools.jar is not in the classpath (kafka.utils.Mx4jLoader$)
[2014-03-12 20:01:00,330] INFO 0 successfully elected as leader (kafka.server.ZookeeperLeaderElector)
[2014-03-12 20:01:00,653] INFO [Replica Manager on Broker 0]: Handling LeaderAndIsr request Name:LeaderAndIsrRequest;Version:0;Controller:0;ControllerEpoch:3;CorrelationId:0;ClientId:id_0-host_null-port_9092;PartitionState:(test,0) -> (LeaderAndIsrInfo:(Leader:0,ISR:0,LeaderEpoch:0,ControllerEpoch:1),ReplicationFactor:1),AllReplicas:0),(page_visits,0) -> (LeaderAndIsrInfo:(Leader:0,ISR:0,LeaderEpoch:0,ControllerEpoch:2),ReplicationFactor:1),AllReplicas:0);Leaders:id:0,host:TaggHardLinux,port:9092 (kafka.server.ReplicaManager)
[2014-03-12 20:01:00,665] INFO [ReplicaFetcherManager on broker 0] Removing fetcher for partition [test,0] (kafka.server.ReplicaFetcherManager)
[2014-03-12 20:01:00,679] INFO [ReplicaFetcherManager on broker 0] Removing fetcher for partition [page_visits,0] (kafka.server.ReplicaFetcherManager)
[2014-03-12 20:01:00,682] INFO [Replica Manager on Broker 0]: Handled leader and isr request Name:LeaderAndIsrRequest;Version:0;Controller:0;ControllerEpoch:3;CorrelationId:0;ClientId:id_0-host_null-port_9092;PartitionState:(test,0) -> (LeaderAndIsrInfo:(Leader:0,ISR:0,LeaderEpoch:0,ControllerEpoch:1),ReplicationFactor:1),AllReplicas:0),(page_visits,0) -> (LeaderAndIsrInfo:(Leader:0,ISR:0,LeaderEpoch:0,ControllerEpoch:2),ReplicationFactor:1),AllReplicas:0);Leaders:id:0,host:TaggHardLinux,port:9092 (kafka.server.ReplicaManager)
[2014-03-12 20:01:00,683] INFO [Kafka Server 0], Started (kafka.server.KafkaServer)
[2014-03-12 20:01:00,685] INFO New leader is 0 (kafka.server.ZookeeperLeaderElector$LeaderChangeListener)
[2014-03-12 20:37:04,396] INFO [Kafka Server 0], Shutting down (kafka.server.KafkaServer)
[2014-03-12 20:37:04,401] INFO Closing zookeeper client... (kafka.server.KafkaZooKeeper)
[2014-03-12 20:37:04,414] INFO [Socket Server on Broker 0], Shutting down (kafka.network.SocketServer)
[2014-03-12 20:37:04,423] INFO [Socket Server on Broker 0], Shutdown completed (kafka.network.SocketServer)
[2014-03-12 20:37:04,426] INFO [Kafka Request Handler on Broker 0], shutting down (kafka.server.KafkaRequestHandlerPool)
[2014-03-12 20:37:04,430] INFO [Kafka Request Handler on Broker 0], shutted down completely (kafka.server.KafkaRequestHandlerPool)
[2014-03-12 20:37:04,432] INFO Shutdown Kafka scheduler (kafka.utils.KafkaScheduler)
[2014-03-12 20:37:04,687] INFO [Replica Manager on Broker 0]: Shut down (kafka.server.ReplicaManager)
[2014-03-12 20:37:04,689] INFO [ReplicaFetcherManager on broker 0] shutting down (kafka.server.ReplicaFetcherManager)
[2014-03-12 20:37:04,691] INFO [ReplicaFetcherManager on broker 0] shutdown completed (kafka.server.ReplicaFetcherManager)
[2014-03-12 20:37:04,694] INFO [Replica Manager on Broker 0]: Shutted down completely (kafka.server.ReplicaManager)
[2014-03-12 20:37:04,722] INFO [Kafka Server 0], Shut down completed (kafka.server.KafkaServer)
[2014-03-12 20:37:14,448] INFO Verifying properties (kafka.utils.VerifiableProperties)
[2014-03-12 20:37:14,479] INFO Property port is overridden to 9092 (kafka.utils.VerifiableProperties)
[2014-03-12 20:37:14,480] INFO Property socket.request.max.bytes is overridden to 104857600 (kafka.utils.VerifiableProperties)
[2014-03-12 20:37:14,480] INFO Property num.io.threads is overridden to 2 (kafka.utils.VerifiableProperties)
[2014-03-12 20:37:14,481] INFO Property log.dirs is overridden to /tmp/kafka-logs (kafka.utils.VerifiableProperties)
[2014-03-12 20:37:14,481] INFO Property log.cleanup.interval.mins is overridden to 1 (kafka.utils.VerifiableProperties)
[2014-03-12 20:37:14,481] INFO Property socket.send.buffer.bytes is overridden to 1048576 (kafka.utils.VerifiableProperties)
[2014-03-12 20:37:14,481] INFO Property log.flush.interval.ms is overridden to 1000 (kafka.utils.VerifiableProperties)
[2014-03-12 20:37:14,481] INFO Property zookeeper.connect is overridden to localhost:2181 (kafka.utils.VerifiableProperties)
[2014-03-12 20:37:14,482] INFO Property broker.id is overridden to 0 (kafka.utils.VerifiableProperties)
[2014-03-12 20:37:14,482] INFO Property log.retention.hours is overridden to 168 (kafka.utils.VerifiableProperties)
[2014-03-12 20:37:14,482] INFO Property num.network.threads is overridden to 2 (kafka.utils.VerifiableProperties)
[2014-03-12 20:37:14,482] INFO Property socket.receive.buffer.bytes is overridden to 1048576 (kafka.utils.VerifiableProperties)
[2014-03-12 20:37:14,483] INFO Property zookeeper.connection.timeout.ms is overridden to 1000000 (kafka.utils.VerifiableProperties)
[2014-03-12 20:37:14,483] INFO Property num.partitions is overridden to 2 (kafka.utils.VerifiableProperties)
[2014-03-12 20:37:14,483] INFO Property log.flush.interval.messages is overridden to 10000 (kafka.utils.VerifiableProperties)
[2014-03-12 20:37:14,483] INFO Property log.segment.bytes is overridden to 536870912 (kafka.utils.VerifiableProperties)
[2014-03-12 20:37:14,496] INFO [Kafka Server 0], Starting (kafka.server.KafkaServer)
[2014-03-12 20:37:14,527] INFO [Log Manager on Broker 0] Loading log 'test-0' (kafka.log.LogManager)
[2014-03-12 20:37:14,566] INFO [Kafka Log on Broker 0], Completed load of log test-0 with log end offset 13 (kafka.log.Log)
[2014-03-12 20:37:14,584] INFO [Log Manager on Broker 0] Loading log 'page_visits-0' (kafka.log.LogManager)
[2014-03-12 20:37:14,586] INFO [Kafka Log on Broker 0], Completed load of log page_visits-0 with log end offset 0 (kafka.log.Log)
[2014-03-12 20:37:14,587] INFO [Log Manager on Broker 0] Starting log cleaner every 60000 ms (kafka.log.LogManager)
[2014-03-12 20:37:14,594] INFO [Log Manager on Broker 0] Starting log flusher every 3000 ms with the following overrides Map() (kafka.log.LogManager)
[2014-03-12 20:37:14,622] INFO Awaiting socket connections on 0.0.0.0:9092. (kafka.network.Acceptor)
[2014-03-12 20:37:14,624] INFO [Socket Server on Broker 0], Started (kafka.network.SocketServer)
[2014-03-12 20:37:14,635] INFO connecting to ZK: localhost:2181 (kafka.server.KafkaZooKeeper)
[2014-03-12 20:37:14,812] INFO Registered broker 0 at path /brokers/ids/0 with address TaggHardLinux:9092. (kafka.utils.ZkUtils$)
[2014-03-12 20:37:14,813] INFO [Kafka Server 0], Connecting to ZK: localhost:2181 (kafka.server.KafkaServer)
[2014-03-12 20:37:14,907] INFO Will not load MX4J, mx4j-tools.jar is not in the classpath (kafka.utils.Mx4jLoader$)
[2014-03-12 20:37:14,935] INFO 0 successfully elected as leader (kafka.server.ZookeeperLeaderElector)
[2014-03-12 20:37:15,253] INFO [Replica Manager on Broker 0]: Handling LeaderAndIsr request Name:LeaderAndIsrRequest;Version:0;Controller:0;ControllerEpoch:4;CorrelationId:0;ClientId:id_0-host_null-port_9092;PartitionState:(test,0) -> (LeaderAndIsrInfo:(Leader:0,ISR:0,LeaderEpoch:0,ControllerEpoch:1),ReplicationFactor:1),AllReplicas:0),(page_visits,0) -> (LeaderAndIsrInfo:(Leader:0,ISR:0,LeaderEpoch:0,ControllerEpoch:2),ReplicationFactor:1),AllReplicas:0);Leaders:id:0,host:TaggHardLinux,port:9092 (kafka.server.ReplicaManager)
[2014-03-12 20:37:15,267] INFO [ReplicaFetcherManager on broker 0] Removing fetcher for partition [test,0] (kafka.server.ReplicaFetcherManager)
[2014-03-12 20:37:15,281] INFO [ReplicaFetcherManager on broker 0] Removing fetcher for partition [page_visits,0] (kafka.server.ReplicaFetcherManager)
[2014-03-12 20:37:15,284] INFO [Replica Manager on Broker 0]: Handled leader and isr request Name:LeaderAndIsrRequest;Version:0;Controller:0;ControllerEpoch:4;CorrelationId:0;ClientId:id_0-host_null-port_9092;PartitionState:(test,0) -> (LeaderAndIsrInfo:(Leader:0,ISR:0,LeaderEpoch:0,ControllerEpoch:1),ReplicationFactor:1),AllReplicas:0),(page_visits,0) -> (LeaderAndIsrInfo:(Leader:0,ISR:0,LeaderEpoch:0,ControllerEpoch:2),ReplicationFactor:1),AllReplicas:0);Leaders:id:0,host:TaggHardLinux,port:9092 (kafka.server.ReplicaManager)
[2014-03-12 20:37:15,291] INFO [Kafka Server 0], Started (kafka.server.KafkaServer)
[2014-03-12 20:37:15,296] INFO New leader is 0 (kafka.server.ZookeeperLeaderElector$LeaderChangeListener)
[2014-03-12 20:40:09,220] INFO Closing socket connection to /127.0.0.1. (kafka.network.Processor)
[2014-03-12 20:40:09,368] INFO Closing socket connection to /127.0.0.1. (kafka.network.Processor)
[2014-03-12 20:41:22,987] INFO Closing socket connection to /127.0.0.1. (kafka.network.Processor)
[2014-03-12 20:41:28,018] ERROR Closing socket for /127.0.0.1 because of error (kafka.network.Processor)
java.io.IOException: Connection reset by peer
	at sun.nio.ch.FileDispatcherImpl.read0(Native Method)
	at sun.nio.ch.SocketDispatcher.read(SocketDispatcher.java:39)
	at sun.nio.ch.IOUtil.readIntoNativeBuffer(IOUtil.java:223)
	at sun.nio.ch.IOUtil.read(IOUtil.java:197)
	at sun.nio.ch.SocketChannelImpl.read(SocketChannelImpl.java:379)
	at kafka.utils.Utils$.read(Utils.scala:395)
	at kafka.network.BoundedByteBufferReceive.readFrom(BoundedByteBufferReceive.scala:54)
	at kafka.network.Processor.read(SocketServer.scala:347)
	at kafka.network.Processor.run(SocketServer.scala:245)
	at java.lang.Thread.run(Thread.java:744)
