[2014-03-12 20:01:00,609] TRACE Controller 0 epoch 3 changed state of replica 0 for partition [test,0] to OnlineReplica (state.change.logger)
[2014-03-12 20:01:00,609] TRACE Controller 0 epoch 3 changed state of replica 0 for partition [page_visits,0] to OnlineReplica (state.change.logger)
[2014-03-12 20:01:00,617] TRACE Controller 0 epoch 3 sending become-leader LeaderAndIsr request with correlationId 0 to broker 0 for partition [test,0] (state.change.logger)
[2014-03-12 20:01:00,617] TRACE Controller 0 epoch 3 sending become-leader LeaderAndIsr request with correlationId 0 to broker 0 for partition [page_visits,0] (state.change.logger)
[2014-03-12 20:01:00,620] TRACE Controller 0 epoch 3 sending UpdateMetadata request with correlationId 0 to broker 0 for partition [test,0] (state.change.logger)
[2014-03-12 20:01:00,621] TRACE Controller 0 epoch 3 sending UpdateMetadata request with correlationId 0 to broker 0 for partition [page_visits,0] (state.change.logger)
[2014-03-12 20:01:00,652] TRACE Broker 0 handling LeaderAndIsr request correlation id 0 received from controller 0 epoch 3 for partition [test,0] (state.change.logger)
[2014-03-12 20:01:00,652] TRACE Broker 0 handling LeaderAndIsr request correlation id 0 received from controller 0 epoch 3 for partition [page_visits,0] (state.change.logger)
[2014-03-12 20:01:00,660] TRACE Broker 0 received LeaderAndIsr request correlationId 0 from controller 0 epoch 3 starting the become-leader transition for partition [test,0] (state.change.logger)
[2014-03-12 20:01:00,666] TRACE Controller 0 epoch 3 sending UpdateMetadata request with correlationId 3 to broker 0 for partition [test,0] (state.change.logger)
[2014-03-12 20:01:00,666] TRACE Controller 0 epoch 3 sending UpdateMetadata request with correlationId 3 to broker 0 for partition [page_visits,0] (state.change.logger)
[2014-03-12 20:01:00,677] TRACE Broker 0 completed become-leader transition for partition [test,0] (state.change.logger)
[2014-03-12 20:01:00,678] TRACE Broker 0 handled LeaderAndIsr request correlationId 0 received from controller 0 epoch 3 for partition [test,0] (state.change.logger)
[2014-03-12 20:01:00,678] TRACE Broker 0 received LeaderAndIsr request correlationId 0 from controller 0 epoch 3 starting the become-leader transition for partition [page_visits,0] (state.change.logger)
[2014-03-12 20:01:00,680] TRACE Broker 0 completed become-leader transition for partition [page_visits,0] (state.change.logger)
[2014-03-12 20:01:00,681] TRACE Broker 0 handled LeaderAndIsr request correlationId 0 received from controller 0 epoch 3 for partition [page_visits,0] (state.change.logger)
[2014-03-12 20:01:00,696] TRACE Controller 0 epoch 3 received response correlationId 0 for a request sent to broker 0 (state.change.logger)
[2014-03-12 20:01:00,728] TRACE Broker 0 cached leader info (LeaderAndIsrInfo:(Leader:0,ISR:0,LeaderEpoch:0,ControllerEpoch:1),ReplicationFactor:1),AllReplicas:0) for partition [test,0] in response to UpdateMetadata request sent by controller 0 epoch 3 with correlation id 0 (state.change.logger)
[2014-03-12 20:01:00,729] TRACE Broker 0 cached leader info (LeaderAndIsrInfo:(Leader:0,ISR:0,LeaderEpoch:0,ControllerEpoch:2),ReplicationFactor:1),AllReplicas:0) for partition [page_visits,0] in response to UpdateMetadata request sent by controller 0 epoch 3 with correlation id 0 (state.change.logger)
[2014-03-12 20:01:00,732] TRACE Controller 0 epoch 3 received response correlationId 0 for a request sent to broker 0 (state.change.logger)
[2014-03-12 20:01:00,734] TRACE Broker 0 cached leader info (LeaderAndIsrInfo:(Leader:0,ISR:0,LeaderEpoch:0,ControllerEpoch:1),ReplicationFactor:1),AllReplicas:0) for partition [test,0] in response to UpdateMetadata request sent by controller 0 epoch 3 with correlation id 3 (state.change.logger)
[2014-03-12 20:01:00,735] TRACE Broker 0 cached leader info (LeaderAndIsrInfo:(Leader:0,ISR:0,LeaderEpoch:0,ControllerEpoch:2),ReplicationFactor:1),AllReplicas:0) for partition [page_visits,0] in response to UpdateMetadata request sent by controller 0 epoch 3 with correlation id 3 (state.change.logger)
[2014-03-12 20:01:00,735] TRACE Controller 0 epoch 3 received response correlationId 3 for a request sent to broker 0 (state.change.logger)
[2014-03-12 20:37:15,212] TRACE Controller 0 epoch 4 changed state of replica 0 for partition [test,0] to OnlineReplica (state.change.logger)
[2014-03-12 20:37:15,213] TRACE Controller 0 epoch 4 changed state of replica 0 for partition [page_visits,0] to OnlineReplica (state.change.logger)
[2014-03-12 20:37:15,220] TRACE Controller 0 epoch 4 sending become-leader LeaderAndIsr request with correlationId 0 to broker 0 for partition [test,0] (state.change.logger)
[2014-03-12 20:37:15,221] TRACE Controller 0 epoch 4 sending become-leader LeaderAndIsr request with correlationId 0 to broker 0 for partition [page_visits,0] (state.change.logger)
[2014-03-12 20:37:15,224] TRACE Controller 0 epoch 4 sending UpdateMetadata request with correlationId 0 to broker 0 for partition [test,0] (state.change.logger)
[2014-03-12 20:37:15,224] TRACE Controller 0 epoch 4 sending UpdateMetadata request with correlationId 0 to broker 0 for partition [page_visits,0] (state.change.logger)
[2014-03-12 20:37:15,251] TRACE Broker 0 handling LeaderAndIsr request correlation id 0 received from controller 0 epoch 4 for partition [test,0] (state.change.logger)
[2014-03-12 20:37:15,252] TRACE Broker 0 handling LeaderAndIsr request correlation id 0 received from controller 0 epoch 4 for partition [page_visits,0] (state.change.logger)
[2014-03-12 20:37:15,261] TRACE Broker 0 received LeaderAndIsr request correlationId 0 from controller 0 epoch 4 starting the become-leader transition for partition [test,0] (state.change.logger)
[2014-03-12 20:37:15,266] TRACE Controller 0 epoch 4 sending UpdateMetadata request with correlationId 3 to broker 0 for partition [test,0] (state.change.logger)
[2014-03-12 20:37:15,266] TRACE Controller 0 epoch 4 sending UpdateMetadata request with correlationId 3 to broker 0 for partition [page_visits,0] (state.change.logger)
[2014-03-12 20:37:15,279] TRACE Broker 0 completed become-leader transition for partition [test,0] (state.change.logger)
[2014-03-12 20:37:15,279] TRACE Broker 0 handled LeaderAndIsr request correlationId 0 received from controller 0 epoch 4 for partition [test,0] (state.change.logger)
[2014-03-12 20:37:15,280] TRACE Broker 0 received LeaderAndIsr request correlationId 0 from controller 0 epoch 4 starting the become-leader transition for partition [page_visits,0] (state.change.logger)
[2014-03-12 20:37:15,282] TRACE Broker 0 completed become-leader transition for partition [page_visits,0] (state.change.logger)
[2014-03-12 20:37:15,283] TRACE Broker 0 handled LeaderAndIsr request correlationId 0 received from controller 0 epoch 4 for partition [page_visits,0] (state.change.logger)
[2014-03-12 20:37:15,298] TRACE Controller 0 epoch 4 received response correlationId 0 for a request sent to broker 0 (state.change.logger)
[2014-03-12 20:37:15,325] TRACE Broker 0 cached leader info (LeaderAndIsrInfo:(Leader:0,ISR:0,LeaderEpoch:0,ControllerEpoch:1),ReplicationFactor:1),AllReplicas:0) for partition [test,0] in response to UpdateMetadata request sent by controller 0 epoch 4 with correlation id 0 (state.change.logger)
[2014-03-12 20:37:15,325] TRACE Broker 0 cached leader info (LeaderAndIsrInfo:(Leader:0,ISR:0,LeaderEpoch:0,ControllerEpoch:2),ReplicationFactor:1),AllReplicas:0) for partition [page_visits,0] in response to UpdateMetadata request sent by controller 0 epoch 4 with correlation id 0 (state.change.logger)
[2014-03-12 20:37:15,327] TRACE Controller 0 epoch 4 received response correlationId 0 for a request sent to broker 0 (state.change.logger)
[2014-03-12 20:37:15,329] TRACE Broker 0 cached leader info (LeaderAndIsrInfo:(Leader:0,ISR:0,LeaderEpoch:0,ControllerEpoch:1),ReplicationFactor:1),AllReplicas:0) for partition [test,0] in response to UpdateMetadata request sent by controller 0 epoch 4 with correlation id 3 (state.change.logger)
[2014-03-12 20:37:15,331] TRACE Broker 0 cached leader info (LeaderAndIsrInfo:(Leader:0,ISR:0,LeaderEpoch:0,ControllerEpoch:2),ReplicationFactor:1),AllReplicas:0) for partition [page_visits,0] in response to UpdateMetadata request sent by controller 0 epoch 4 with correlation id 3 (state.change.logger)
[2014-03-12 20:37:15,332] TRACE Controller 0 epoch 4 received response correlationId 3 for a request sent to broker 0 (state.change.logger)
